2017-08-11 10:50:08 [scrapy.core.scraper] ERROR: Spider error processing <GET https://www.iens.nl/restaurant/dinamico/286869> (referer: https://www.iens.nl/restaurant+amsterdam?page=59)
Traceback (most recent call last):
  File "/Users/stevennooijen/training/iens-scraper/venv-iens/lib/python3.6/site-packages/scrapy/utils/defer.py", line 102, in iter_errback
    yield next(it)
  File "/Users/stevennooijen/training/iens-scraper/venv-iens/lib/python3.6/site-packages/scrapy/spidermiddlewares/offsite.py", line 29, in process_spider_output
    for x in result:
  File "/Users/stevennooijen/training/iens-scraper/venv-iens/lib/python3.6/site-packages/scrapy/spidermiddlewares/referer.py", line 339, in <genexpr>
    return (_set_referer(r) for r in result or ())
  File "/Users/stevennooijen/training/iens-scraper/venv-iens/lib/python3.6/site-packages/scrapy/spidermiddlewares/urllength.py", line 37, in <genexpr>
    return (r for r in result or () if _filter(r))
  File "/Users/stevennooijen/training/iens-scraper/venv-iens/lib/python3.6/site-packages/scrapy/spidermiddlewares/depth.py", line 58, in <genexpr>
    return (r for r in result or () if _filter(r))
  File "/Users/stevennooijen/training/iens-scraper/iens_scraper/iens_scraper/spiders/iens_spider.py", line 62, in parse_restaurant
    house_number = address[1].split(' ')[1]
IndexError: list index out of range
2017-08-11 10:50:33 [scrapy.core.scraper] ERROR: Spider error processing <GET https://www.iens.nl/restaurant/wild-moa-pies-foodhallen/256407> (referer: https://www.iens.nl/restaurant+amsterdam?page=61)
Traceback (most recent call last):
  File "/Users/stevennooijen/training/iens-scraper/venv-iens/lib/python3.6/site-packages/scrapy/utils/defer.py", line 102, in iter_errback
    yield next(it)
  File "/Users/stevennooijen/training/iens-scraper/venv-iens/lib/python3.6/site-packages/scrapy/spidermiddlewares/offsite.py", line 29, in process_spider_output
    for x in result:
  File "/Users/stevennooijen/training/iens-scraper/venv-iens/lib/python3.6/site-packages/scrapy/spidermiddlewares/referer.py", line 339, in <genexpr>
    return (_set_referer(r) for r in result or ())
  File "/Users/stevennooijen/training/iens-scraper/venv-iens/lib/python3.6/site-packages/scrapy/spidermiddlewares/urllength.py", line 37, in <genexpr>
    return (r for r in result or () if _filter(r))
  File "/Users/stevennooijen/training/iens-scraper/venv-iens/lib/python3.6/site-packages/scrapy/spidermiddlewares/depth.py", line 58, in <genexpr>
    return (r for r in result or () if _filter(r))
  File "/Users/stevennooijen/training/iens-scraper/iens_scraper/iens_scraper/spiders/iens_spider.py", line 62, in parse_restaurant
    house_number = address[1].split(' ')[1]
IndexError: list index out of range
2017-08-11 10:52:04 [scrapy.core.scraper] ERROR: Spider error processing <GET https://www.iens.nl/restaurant/efem/252503> (referer: https://www.iens.nl/restaurant+amsterdam?page=71)
Traceback (most recent call last):
  File "/Users/stevennooijen/training/iens-scraper/venv-iens/lib/python3.6/site-packages/scrapy/utils/defer.py", line 102, in iter_errback
    yield next(it)
  File "/Users/stevennooijen/training/iens-scraper/venv-iens/lib/python3.6/site-packages/scrapy/spidermiddlewares/offsite.py", line 29, in process_spider_output
    for x in result:
  File "/Users/stevennooijen/training/iens-scraper/venv-iens/lib/python3.6/site-packages/scrapy/spidermiddlewares/referer.py", line 339, in <genexpr>
    return (_set_referer(r) for r in result or ())
  File "/Users/stevennooijen/training/iens-scraper/venv-iens/lib/python3.6/site-packages/scrapy/spidermiddlewares/urllength.py", line 37, in <genexpr>
    return (r for r in result or () if _filter(r))
  File "/Users/stevennooijen/training/iens-scraper/venv-iens/lib/python3.6/site-packages/scrapy/spidermiddlewares/depth.py", line 58, in <genexpr>
    return (r for r in result or () if _filter(r))
  File "/Users/stevennooijen/training/iens-scraper/iens_scraper/iens_scraper/spiders/iens_spider.py", line 62, in parse_restaurant
    house_number = address[1].split(' ')[1]
IndexError: list index out of range
2017-08-11 10:52:06 [scrapy.core.scraper] ERROR: Spider error processing <GET https://www.iens.nl/restaurant/eetcafe-noordwester/253411> (referer: https://www.iens.nl/restaurant+amsterdam?page=71)
Traceback (most recent call last):
  File "/Users/stevennooijen/training/iens-scraper/venv-iens/lib/python3.6/site-packages/scrapy/utils/defer.py", line 102, in iter_errback
    yield next(it)
  File "/Users/stevennooijen/training/iens-scraper/venv-iens/lib/python3.6/site-packages/scrapy/spidermiddlewares/offsite.py", line 29, in process_spider_output
    for x in result:
  File "/Users/stevennooijen/training/iens-scraper/venv-iens/lib/python3.6/site-packages/scrapy/spidermiddlewares/referer.py", line 339, in <genexpr>
    return (_set_referer(r) for r in result or ())
  File "/Users/stevennooijen/training/iens-scraper/venv-iens/lib/python3.6/site-packages/scrapy/spidermiddlewares/urllength.py", line 37, in <genexpr>
    return (r for r in result or () if _filter(r))
  File "/Users/stevennooijen/training/iens-scraper/venv-iens/lib/python3.6/site-packages/scrapy/spidermiddlewares/depth.py", line 58, in <genexpr>
    return (r for r in result or () if _filter(r))
  File "/Users/stevennooijen/training/iens-scraper/iens_scraper/iens_scraper/spiders/iens_spider.py", line 62, in parse_restaurant
    house_number = address[1].split(' ')[1]
IndexError: list index out of range
2017-08-11 10:53:03 [scrapy.core.scraper] ERROR: Spider error processing <GET https://www.iens.nl/restaurant/brasserie-pit/252987> (referer: https://www.iens.nl/restaurant+amsterdam?page=77)
Traceback (most recent call last):
  File "/Users/stevennooijen/training/iens-scraper/venv-iens/lib/python3.6/site-packages/scrapy/utils/defer.py", line 102, in iter_errback
    yield next(it)
  File "/Users/stevennooijen/training/iens-scraper/venv-iens/lib/python3.6/site-packages/scrapy/spidermiddlewares/offsite.py", line 29, in process_spider_output
    for x in result:
  File "/Users/stevennooijen/training/iens-scraper/venv-iens/lib/python3.6/site-packages/scrapy/spidermiddlewares/referer.py", line 339, in <genexpr>
    return (_set_referer(r) for r in result or ())
  File "/Users/stevennooijen/training/iens-scraper/venv-iens/lib/python3.6/site-packages/scrapy/spidermiddlewares/urllength.py", line 37, in <genexpr>
    return (r for r in result or () if _filter(r))
  File "/Users/stevennooijen/training/iens-scraper/venv-iens/lib/python3.6/site-packages/scrapy/spidermiddlewares/depth.py", line 58, in <genexpr>
    return (r for r in result or () if _filter(r))
  File "/Users/stevennooijen/training/iens-scraper/iens_scraper/iens_scraper/spiders/iens_spider.py", line 62, in parse_restaurant
    house_number = address[1].split(' ')[1]
IndexError: list index out of range
2017-08-11 11:17:11 [scrapy.core.scraper] ERROR: Spider error processing <GET https://www.iens.nl/restaurant/amstelkeuken/252827> (referer: https://www.iens.nl/restaurant+amsterdam?page=78)
Traceback (most recent call last):
  File "/Users/stevennooijen/training/iens-scraper/venv-iens/lib/python3.6/site-packages/scrapy/utils/defer.py", line 102, in iter_errback
    yield next(it)
  File "/Users/stevennooijen/training/iens-scraper/venv-iens/lib/python3.6/site-packages/scrapy/spidermiddlewares/offsite.py", line 29, in process_spider_output
    for x in result:
  File "/Users/stevennooijen/training/iens-scraper/venv-iens/lib/python3.6/site-packages/scrapy/spidermiddlewares/referer.py", line 339, in <genexpr>
    return (_set_referer(r) for r in result or ())
  File "/Users/stevennooijen/training/iens-scraper/venv-iens/lib/python3.6/site-packages/scrapy/spidermiddlewares/urllength.py", line 37, in <genexpr>
    return (r for r in result or () if _filter(r))
  File "/Users/stevennooijen/training/iens-scraper/venv-iens/lib/python3.6/site-packages/scrapy/spidermiddlewares/depth.py", line 58, in <genexpr>
    return (r for r in result or () if _filter(r))
  File "/Users/stevennooijen/training/iens-scraper/iens_scraper/iens_scraper/spiders/iens_spider.py", line 62, in parse_restaurant
    house_number = address[1].split(' ')[1]
IndexError: list index out of range
2017-08-11 11:17:17 [scrapy.core.scraper] ERROR: Spider error processing <GET https://www.iens.nl/restaurant/grand-cafe-arts-food/242847> (referer: https://www.iens.nl/restaurant+amsterdam?page=76)
Traceback (most recent call last):
  File "/Users/stevennooijen/training/iens-scraper/venv-iens/lib/python3.6/site-packages/scrapy/utils/defer.py", line 102, in iter_errback
    yield next(it)
  File "/Users/stevennooijen/training/iens-scraper/venv-iens/lib/python3.6/site-packages/scrapy/spidermiddlewares/offsite.py", line 29, in process_spider_output
    for x in result:
  File "/Users/stevennooijen/training/iens-scraper/venv-iens/lib/python3.6/site-packages/scrapy/spidermiddlewares/referer.py", line 339, in <genexpr>
    return (_set_referer(r) for r in result or ())
  File "/Users/stevennooijen/training/iens-scraper/venv-iens/lib/python3.6/site-packages/scrapy/spidermiddlewares/urllength.py", line 37, in <genexpr>
    return (r for r in result or () if _filter(r))
  File "/Users/stevennooijen/training/iens-scraper/venv-iens/lib/python3.6/site-packages/scrapy/spidermiddlewares/depth.py", line 58, in <genexpr>
    return (r for r in result or () if _filter(r))
  File "/Users/stevennooijen/training/iens-scraper/iens_scraper/iens_scraper/spiders/iens_spider.py", line 62, in parse_restaurant
    house_number = address[1].split(' ')[1]
IndexError: list index out of range
2017-08-11 11:17:24 [scrapy.core.scraper] ERROR: Spider error processing <GET https://www.iens.nl/restaurant/broodje-mokum/243623> (referer: https://www.iens.nl/restaurant+amsterdam?page=75)
Traceback (most recent call last):
  File "/Users/stevennooijen/training/iens-scraper/venv-iens/lib/python3.6/site-packages/scrapy/utils/defer.py", line 102, in iter_errback
    yield next(it)
  File "/Users/stevennooijen/training/iens-scraper/venv-iens/lib/python3.6/site-packages/scrapy/spidermiddlewares/offsite.py", line 29, in process_spider_output
    for x in result:
  File "/Users/stevennooijen/training/iens-scraper/venv-iens/lib/python3.6/site-packages/scrapy/spidermiddlewares/referer.py", line 339, in <genexpr>
    return (_set_referer(r) for r in result or ())
  File "/Users/stevennooijen/training/iens-scraper/venv-iens/lib/python3.6/site-packages/scrapy/spidermiddlewares/urllength.py", line 37, in <genexpr>
    return (r for r in result or () if _filter(r))
  File "/Users/stevennooijen/training/iens-scraper/venv-iens/lib/python3.6/site-packages/scrapy/spidermiddlewares/depth.py", line 58, in <genexpr>
    return (r for r in result or () if _filter(r))
  File "/Users/stevennooijen/training/iens-scraper/iens_scraper/iens_scraper/spiders/iens_spider.py", line 62, in parse_restaurant
    house_number = address[1].split(' ')[1]
IndexError: list index out of range
2017-08-11 11:20:01 [scrapy.core.scraper] ERROR: Spider error processing <GET https://www.iens.nl/restaurant/filiz-manti-foodhallen/256615> (referer: https://www.iens.nl/restaurant+amsterdam?page=52)
Traceback (most recent call last):
  File "/Users/stevennooijen/training/iens-scraper/venv-iens/lib/python3.6/site-packages/scrapy/utils/defer.py", line 102, in iter_errback
    yield next(it)
  File "/Users/stevennooijen/training/iens-scraper/venv-iens/lib/python3.6/site-packages/scrapy/spidermiddlewares/offsite.py", line 29, in process_spider_output
    for x in result:
  File "/Users/stevennooijen/training/iens-scraper/venv-iens/lib/python3.6/site-packages/scrapy/spidermiddlewares/referer.py", line 339, in <genexpr>
    return (_set_referer(r) for r in result or ())
  File "/Users/stevennooijen/training/iens-scraper/venv-iens/lib/python3.6/site-packages/scrapy/spidermiddlewares/urllength.py", line 37, in <genexpr>
    return (r for r in result or () if _filter(r))
  File "/Users/stevennooijen/training/iens-scraper/venv-iens/lib/python3.6/site-packages/scrapy/spidermiddlewares/depth.py", line 58, in <genexpr>
    return (r for r in result or () if _filter(r))
  File "/Users/stevennooijen/training/iens-scraper/iens_scraper/iens_scraper/spiders/iens_spider.py", line 62, in parse_restaurant
    house_number = address[1].split(' ')[1]
IndexError: list index out of range
2017-08-11 11:20:46 [scrapy.core.scraper] ERROR: Spider error processing <GET https://www.iens.nl/restaurant/le-patron-anonyme/241011> (referer: https://www.iens.nl/restaurant+amsterdam?page=43)
Traceback (most recent call last):
  File "/Users/stevennooijen/training/iens-scraper/venv-iens/lib/python3.6/site-packages/scrapy/utils/defer.py", line 102, in iter_errback
    yield next(it)
  File "/Users/stevennooijen/training/iens-scraper/venv-iens/lib/python3.6/site-packages/scrapy/spidermiddlewares/offsite.py", line 29, in process_spider_output
    for x in result:
  File "/Users/stevennooijen/training/iens-scraper/venv-iens/lib/python3.6/site-packages/scrapy/spidermiddlewares/referer.py", line 339, in <genexpr>
    return (_set_referer(r) for r in result or ())
  File "/Users/stevennooijen/training/iens-scraper/venv-iens/lib/python3.6/site-packages/scrapy/spidermiddlewares/urllength.py", line 37, in <genexpr>
    return (r for r in result or () if _filter(r))
  File "/Users/stevennooijen/training/iens-scraper/venv-iens/lib/python3.6/site-packages/scrapy/spidermiddlewares/depth.py", line 58, in <genexpr>
    return (r for r in result or () if _filter(r))
  File "/Users/stevennooijen/training/iens-scraper/iens_scraper/iens_scraper/spiders/iens_spider.py", line 62, in parse_restaurant
    house_number = address[1].split(' ')[1]
IndexError: list index out of range
2017-08-11 11:25:17 [scrapy.core.scraper] ERROR: Spider error processing <GET https://www.iens.nl/restaurant/indian-sky/254205> (referer: https://www.iens.nl/restaurant+amsterdam?page=97)
Traceback (most recent call last):
  File "/Users/stevennooijen/training/iens-scraper/venv-iens/lib/python3.6/site-packages/scrapy/utils/defer.py", line 102, in iter_errback
    yield next(it)
  File "/Users/stevennooijen/training/iens-scraper/venv-iens/lib/python3.6/site-packages/scrapy/spidermiddlewares/offsite.py", line 29, in process_spider_output
    for x in result:
  File "/Users/stevennooijen/training/iens-scraper/venv-iens/lib/python3.6/site-packages/scrapy/spidermiddlewares/referer.py", line 339, in <genexpr>
    return (_set_referer(r) for r in result or ())
  File "/Users/stevennooijen/training/iens-scraper/venv-iens/lib/python3.6/site-packages/scrapy/spidermiddlewares/urllength.py", line 37, in <genexpr>
    return (r for r in result or () if _filter(r))
  File "/Users/stevennooijen/training/iens-scraper/venv-iens/lib/python3.6/site-packages/scrapy/spidermiddlewares/depth.py", line 58, in <genexpr>
    return (r for r in result or () if _filter(r))
  File "/Users/stevennooijen/training/iens-scraper/iens_scraper/iens_scraper/spiders/iens_spider.py", line 62, in parse_restaurant
    house_number = address[1].split(' ')[1]
IndexError: list index out of range
2017-08-11 11:28:56 [scrapy.core.scraper] ERROR: Spider error processing <GET https://www.iens.nl/restaurant/blijburg-aan-zee/234673> (referer: https://www.iens.nl/restaurant+amsterdam?page=111)
Traceback (most recent call last):
  File "/Users/stevennooijen/training/iens-scraper/venv-iens/lib/python3.6/site-packages/scrapy/utils/defer.py", line 102, in iter_errback
    yield next(it)
  File "/Users/stevennooijen/training/iens-scraper/venv-iens/lib/python3.6/site-packages/scrapy/spidermiddlewares/offsite.py", line 29, in process_spider_output
    for x in result:
  File "/Users/stevennooijen/training/iens-scraper/venv-iens/lib/python3.6/site-packages/scrapy/spidermiddlewares/referer.py", line 339, in <genexpr>
    return (_set_referer(r) for r in result or ())
  File "/Users/stevennooijen/training/iens-scraper/venv-iens/lib/python3.6/site-packages/scrapy/spidermiddlewares/urllength.py", line 37, in <genexpr>
    return (r for r in result or () if _filter(r))
  File "/Users/stevennooijen/training/iens-scraper/venv-iens/lib/python3.6/site-packages/scrapy/spidermiddlewares/depth.py", line 58, in <genexpr>
    return (r for r in result or () if _filter(r))
  File "/Users/stevennooijen/training/iens-scraper/iens_scraper/iens_scraper/spiders/iens_spider.py", line 62, in parse_restaurant
    city = address[3]
IndexError: list index out of range
2017-08-11 12:04:21 [scrapy.core.scraper] ERROR: Spider error processing <GET https://www.iens.nl/restaurant/vi-t-view-foodhallen/256405> (referer: https://www.iens.nl/restaurant+amsterdam?page=97)
Traceback (most recent call last):
  File "/Users/stevennooijen/training/iens-scraper/venv-iens/lib/python3.6/site-packages/scrapy/utils/defer.py", line 102, in iter_errback
    yield next(it)
  File "/Users/stevennooijen/training/iens-scraper/venv-iens/lib/python3.6/site-packages/scrapy/spidermiddlewares/offsite.py", line 29, in process_spider_output
    for x in result:
  File "/Users/stevennooijen/training/iens-scraper/venv-iens/lib/python3.6/site-packages/scrapy/spidermiddlewares/referer.py", line 339, in <genexpr>
    return (_set_referer(r) for r in result or ())
  File "/Users/stevennooijen/training/iens-scraper/venv-iens/lib/python3.6/site-packages/scrapy/spidermiddlewares/urllength.py", line 37, in <genexpr>
    return (r for r in result or () if _filter(r))
  File "/Users/stevennooijen/training/iens-scraper/venv-iens/lib/python3.6/site-packages/scrapy/spidermiddlewares/depth.py", line 58, in <genexpr>
    return (r for r in result or () if _filter(r))
  File "/Users/stevennooijen/training/iens-scraper/iens_scraper/iens_scraper/spiders/iens_spider.py", line 62, in parse_restaurant
    city = address[3]
IndexError: list index out of range
2017-08-11 12:04:35 [scrapy.core.scraper] ERROR: Spider error processing <GET https://www.iens.nl/restaurant/max/246325> (referer: https://www.iens.nl/restaurant+amsterdam?page=95)
Traceback (most recent call last):
  File "/Users/stevennooijen/training/iens-scraper/venv-iens/lib/python3.6/site-packages/scrapy/utils/defer.py", line 102, in iter_errback
    yield next(it)
  File "/Users/stevennooijen/training/iens-scraper/venv-iens/lib/python3.6/site-packages/scrapy/spidermiddlewares/offsite.py", line 29, in process_spider_output
    for x in result:
  File "/Users/stevennooijen/training/iens-scraper/venv-iens/lib/python3.6/site-packages/scrapy/spidermiddlewares/referer.py", line 339, in <genexpr>
    return (_set_referer(r) for r in result or ())
  File "/Users/stevennooijen/training/iens-scraper/venv-iens/lib/python3.6/site-packages/scrapy/spidermiddlewares/urllength.py", line 37, in <genexpr>
    return (r for r in result or () if _filter(r))
  File "/Users/stevennooijen/training/iens-scraper/venv-iens/lib/python3.6/site-packages/scrapy/spidermiddlewares/depth.py", line 58, in <genexpr>
    return (r for r in result or () if _filter(r))
  File "/Users/stevennooijen/training/iens-scraper/iens_scraper/iens_scraper/spiders/iens_spider.py", line 62, in parse_restaurant
    city = address[3]
IndexError: list index out of range
